2021-01-02 17:06:04,451 __main__ 66 [INFO][<module>] start
2021-01-02 17:06:04,452 __main__ 29 [DEBUG][load_train_data] enter
2021-01-02 17:06:06,585 __main__ 31 [DEBUG][load_train_data] exit
2021-01-02 17:06:06,682 __main__ 75 [DEBUG][<module>] train columns:(58,) ['id' 'ps_ind_01' 'ps_ind_02_cat' 'ps_ind_03' 'ps_ind_04_cat'
 'ps_ind_05_cat' 'ps_ind_06_bin' 'ps_ind_07_bin' 'ps_ind_08_bin'
 'ps_ind_09_bin' 'ps_ind_10_bin' 'ps_ind_11_bin' 'ps_ind_12_bin'
 'ps_ind_13_bin' 'ps_ind_14' 'ps_ind_15' 'ps_ind_16_bin' 'ps_ind_17_bin'
 'ps_ind_18_bin' 'ps_reg_01' 'ps_reg_02' 'ps_reg_03' 'ps_car_01_cat'
 'ps_car_02_cat' 'ps_car_03_cat' 'ps_car_04_cat' 'ps_car_05_cat'
 'ps_car_06_cat' 'ps_car_07_cat' 'ps_car_08_cat' 'ps_car_09_cat'
 'ps_car_10_cat' 'ps_car_11_cat' 'ps_car_11' 'ps_car_12' 'ps_car_13'
 'ps_car_14' 'ps_car_15' 'ps_calc_01' 'ps_calc_02' 'ps_calc_03'
 'ps_calc_04' 'ps_calc_05' 'ps_calc_06' 'ps_calc_07' 'ps_calc_08'
 'ps_calc_09' 'ps_calc_10' 'ps_calc_11' 'ps_calc_12' 'ps_calc_13'
 'ps_calc_14' 'ps_calc_15_bin' 'ps_calc_16_bin' 'ps_calc_17_bin'
 'ps_calc_18_bin' 'ps_calc_19_bin' 'ps_calc_20_bin']
2021-01-02 17:06:06,682 __main__ 77 [INFO][<module>] data preparation end (595212, 58)
2021-01-02 17:06:11,734 __main__ 83 [INFO][<module>] train end
2021-01-02 17:06:11,735 __main__ 35 [DEBUG][load_test_data] enter
2021-01-02 17:06:14,578 __main__ 37 [DEBUG][load_test_data] exit
2021-01-02 17:06:14,973 __main__ 87 [INFO][<module>] test data load end (595212, 58)
2021-01-02 17:08:30,539 __main__ 66 [INFO][<module>] start
2021-01-02 17:08:30,540 __main__ 29 [DEBUG][load_train_data] enter
2021-01-02 17:08:32,048 __main__ 31 [DEBUG][load_train_data] exit
2021-01-02 17:08:32,139 __main__ 75 [INFO][<module>] train columns:(58,) ['id' 'ps_ind_01' 'ps_ind_02_cat' 'ps_ind_03' 'ps_ind_04_cat'
 'ps_ind_05_cat' 'ps_ind_06_bin' 'ps_ind_07_bin' 'ps_ind_08_bin'
 'ps_ind_09_bin' 'ps_ind_10_bin' 'ps_ind_11_bin' 'ps_ind_12_bin'
 'ps_ind_13_bin' 'ps_ind_14' 'ps_ind_15' 'ps_ind_16_bin' 'ps_ind_17_bin'
 'ps_ind_18_bin' 'ps_reg_01' 'ps_reg_02' 'ps_reg_03' 'ps_car_01_cat'
 'ps_car_02_cat' 'ps_car_03_cat' 'ps_car_04_cat' 'ps_car_05_cat'
 'ps_car_06_cat' 'ps_car_07_cat' 'ps_car_08_cat' 'ps_car_09_cat'
 'ps_car_10_cat' 'ps_car_11_cat' 'ps_car_11' 'ps_car_12' 'ps_car_13'
 'ps_car_14' 'ps_car_15' 'ps_calc_01' 'ps_calc_02' 'ps_calc_03'
 'ps_calc_04' 'ps_calc_05' 'ps_calc_06' 'ps_calc_07' 'ps_calc_08'
 'ps_calc_09' 'ps_calc_10' 'ps_calc_11' 'ps_calc_12' 'ps_calc_13'
 'ps_calc_14' 'ps_calc_15_bin' 'ps_calc_16_bin' 'ps_calc_17_bin'
 'ps_calc_18_bin' 'ps_calc_19_bin' 'ps_calc_20_bin']
2021-01-02 17:08:32,149 __main__ 77 [INFO][<module>] data preparation end (595212, 58)
2021-01-02 17:08:36,390 __main__ 83 [INFO][<module>] train end
2021-01-02 17:08:36,391 __main__ 35 [DEBUG][load_test_data] enter
2021-01-02 17:08:38,780 __main__ 37 [DEBUG][load_test_data] exit
2021-01-02 17:08:39,175 __main__ 87 [INFO][<module>] test data load end (595212, 58)
